
> vector-systems@0.1.0 dev
> next dev

▲ Next.js 16.2.3 (Turbopack)
- Local:         http://localhost:3000
- Network:       http://192.168.1.75:3000
✓ Ready in 1176ms

 GET / 200 in 876ms (next.js: 319ms, application-code: 557ms)
 GET / 200 in 385ms (next.js: 9ms, application-code: 376ms)
 GET /services 200 in 173ms (next.js: 83ms, application-code: 90ms)
[browser] Detected `scroll-behavior: smooth` on the `<html>` element. To disable smooth scrolling during route transitions, add `data-scroll-behavior="smooth"` to your <html> element. Learn more: https://nextjs.org/docs/messages/missing-data-scroll-behavior (file://C:/Users/Mohammed Hatim/vector-systems/.next/dev/static/chunks/node_modules_next_dist_115brz8._.js:2431:13)
 GET /services 200 in 88ms (next.js: 8ms, application-code: 80ms)
 GET /case-studies 200 in 164ms (next.js: 89ms, application-code: 74ms)
 GET /about 200 in 145ms (next.js: 71ms, application-code: 74ms)
 GET /about 200 in 84ms (next.js: 8ms, application-code: 76ms)
 GET / 200 in 121ms (next.js: 25ms, application-code: 97ms)
 GET /services 200 in 116ms (next.js: 11ms, application-code: 105ms)
 GET / 200 in 93ms (next.js: 8ms, application-code: 86ms)
 GET /case-studies 200 in 60ms (next.js: 6ms, application-code: 54ms)
 GET / 200 in 118ms (next.js: 5ms, application-code: 112ms)
 GET / 200 in 19ms (next.js: 8ms, application-code: 11ms)
✓ Compiled in 293ms
✓ Compiled in 270ms
⚠ Fast Refresh had to perform a full reload when ./node_modules/next/dist/client/image-component.js changed. Read more: https://nextjs.org/docs/messages/fast-refresh-reload
 GET / 200 in 1135ms (next.js: 300ms, application-code: 834ms)
 GET / 200 in 662ms (next.js: 53ms, application-code: 609ms)
 GET / 200 in 595ms (next.js: 63ms, application-code: 532ms)
 GET / 200 in 595ms (next.js: 438ms, application-code: 156ms)
 GET / 200 in 596ms (next.js: 141ms, application-code: 454ms)
 GET / 200 in 157ms (next.js: 4ms, application-code: 153ms)
 GET / 200 in 85ms (next.js: 25ms, application-code: 60ms)
 GET / 200 in 692ms (next.js: 6ms, application-code: 686ms)
✓ Compiled in 573ms
 GET / 200 in 539ms (next.js: 114ms, application-code: 425ms)
 GET / 200 in 336ms (next.js: 33ms, application-code: 303ms)
 GET / 200 in 237ms (next.js: 5ms, application-code: 232ms)
 GET / 200 in 237ms (next.js: 124ms, application-code: 113ms)
 GET / 200 in 239ms (next.js: 68ms, application-code: 171ms)
 GET / 200 in 676ms (next.js: 103ms, application-code: 573ms)
 GET / 200 in 459ms (next.js: 7ms, application-code: 453ms)
 GET / 200 in 344ms (next.js: 8ms, application-code: 336ms)
 GET / 200 in 342ms (next.js: 251ms, application-code: 91ms)
 GET / 200 in 345ms (next.js: 171ms, application-code: 174ms)
 POST /api/consultation 500 in 2.8s (next.js: 2.7s, application-code: 62ms)
 GET / 200 in 32ms (next.js: 17ms, application-code: 16ms)
 GET / 200 in 793ms (next.js: 6ms, application-code: 788ms)
✓ Compiled in 209ms
✓ Compiled in 109ms
 GET / 200 in 426ms (next.js: 167ms, application-code: 258ms)
 GET / 200 in 122ms (next.js: 6ms, application-code: 116ms)
✓ Compiled in 105ms
 GET / 200 in 314ms (next.js: 146ms, application-code: 168ms)
 GET / 200 in 31ms (next.js: 9ms, application-code: 22ms)
 POST /api/consultation 500 in 96ms (next.js: 81ms, application-code: 15ms)
 GET /case-studies 200 in 365ms (next.js: 183ms, application-code: 182ms)
[browser] Detected `scroll-behavior: smooth` on the `<html>` element. To disable smooth scrolling during route transitions, add `data-scroll-behavior="smooth"` to your <html> element. Learn more: https://nextjs.org/docs/messages/missing-data-scroll-behavior (file://C:/Users/Mohammed Hatim/vector-systems/.next/dev/static/chunks/node_modules_next_dist_115brz8._.js:2431:13)
 GET /contact 200 in 225ms (next.js: 168ms, application-code: 57ms)
 GET /about 200 in 260ms (next.js: 164ms, application-code: 95ms)
 GET /case-studies 200 in 124ms (next.js: 6ms, application-code: 118ms)
 GET /contact 200 in 54ms (next.js: 4ms, application-code: 50ms)
 GET /case-studies 200 in 63ms (next.js: 7ms, application-code: 56ms)
 GET /services 200 in 376ms (next.js: 188ms, application-code: 188ms)
 GET / 200 in 97ms (next.js: 6ms, application-code: 92ms)
 GET /services 200 in 626ms (next.js: 106ms, application-code: 520ms)
✓ Compiled in 900ms
 GET /services 200 in 1878ms (next.js: 793ms, application-code: 1085ms)
 GET /services 200 in 529ms (next.js: 34ms, application-code: 495ms)
✓ Compiled in 303ms
✓ Compiled in 132ms
 GET /services 200 in 680ms (next.js: 244ms, application-code: 436ms)
 GET /services 200 in 269ms (next.js: 78ms, application-code: 191ms)
 GET /services 200 in 95ms (next.js: 6ms, application-code: 88ms)
 GET /services 200 in 21ms (next.js: 7ms, application-code: 14ms)
 GET /services 200 in 95ms (next.js: 6ms, application-code: 89ms)
 GET /case-studies 200 in 102ms (next.js: 42ms, application-code: 60ms)
 GET /about 200 in 271ms (next.js: 46ms, application-code: 225ms)
 GET /case-studies 200 in 66ms (next.js: 6ms, application-code: 60ms)
 GET /services 200 in 104ms (next.js: 7ms, application-code: 97ms)
 GET /services 200 in 927ms (next.js: 10ms, application-code: 917ms)
 GET / 200 in 184ms (next.js: 62ms, application-code: 122ms)
[browser] Detected `scroll-behavior: smooth` on the `<html>` element. To disable smooth scrolling during route transitions, add `data-scroll-behavior="smooth"` to your <html> element. Learn more: https://nextjs.org/docs/messages/missing-data-scroll-behavior (file://C:/Users/Mohammed Hatim/vector-systems/.next/dev/static/chunks/node_modules_next_dist_115brz8._.js:2431:13)
 GET /about 200 in 66ms (next.js: 5ms, application-code: 61ms)
 GET /services 200 in 91ms (next.js: 4ms, application-code: 86ms)
✓ Compiled in 107ms
 GET /services 200 in 543ms (next.js: 202ms, application-code: 342ms)
 GET /services 200 in 160ms (next.js: 10ms, application-code: 149ms)
✓ Compiled in 111ms
 GET /services 200 in 652ms (next.js: 273ms, application-code: 379ms)
 GET /services 200 in 165ms (next.js: 7ms, application-code: 157ms)
 GET / 200 in 172ms (next.js: 53ms, application-code: 120ms)
 GET / 200 in 143ms (next.js: 33ms, application-code: 111ms)
 GET /services 200 in 114ms (next.js: 6ms, application-code: 108ms)
 GET / 200 in 111ms (next.js: 5ms, application-code: 105ms)
 GET /services 200 in 143ms (next.js: 9ms, application-code: 133ms)
 GET / 200 in 114ms (next.js: 7ms, application-code: 107ms)
 GET /services 200 in 118ms (next.js: 7ms, application-code: 111ms)
 GET / 200 in 130ms (next.js: 8ms, application-code: 122ms)
 GET /services 200 in 165ms (next.js: 77ms, application-code: 87ms)
 GET /case-studies 200 in 219ms (next.js: 52ms, application-code: 167ms)
 GET / 200 in 184ms (next.js: 81ms, application-code: 103ms)
 GET /services 200 in 112ms (next.js: 10ms, application-code: 102ms)
✓ Compiled in 87ms
 GET /services 200 in 484ms (next.js: 207ms, application-code: 278ms)
 GET /services 200 in 105ms (next.js: 4ms, application-code: 101ms)
 GET / 200 in 372ms (next.js: 70ms, application-code: 302ms)
✓ Compiled in 89ms
 GET / 200 in 619ms (next.js: 198ms, application-code: 422ms)
 GET / 200 in 195ms (next.js: 14ms, application-code: 181ms)
✓ Compiled in 235ms
✓ Compiled in 50ms
 GET / 200 in 507ms (next.js: 117ms, application-code: 390ms)
 GET / 200 in 257ms (next.js: 6ms, application-code: 251ms)
✓ Compiled in 74ms
 GET / 200 in 339ms (next.js: 115ms, application-code: 223ms)
 GET / 200 in 104ms (next.js: 5ms, application-code: 100ms)
✓ Compiled in 433ms
 GET / 200 in 1716ms (next.js: 440ms, application-code: 1276ms)
 GET / 200 in 904ms (next.js: 14ms, application-code: 891ms)
 GET / 200 in 668ms (next.js: 71ms, application-code: 596ms)
 GET / 200 in 667ms (next.js: 214ms, application-code: 453ms)
 GET / 200 in 665ms (next.js: 353ms, application-code: 312ms)
 GET / 200 in 610ms (next.js: 438ms, application-code: 172ms)
 GET /services 200 in 413ms (next.js: 219ms, application-code: 194ms)
 GET /case-studies 200 in 177ms (next.js: 119ms, application-code: 58ms)
 GET /about 200 in 245ms (next.js: 134ms, application-code: 111ms)
 GET / 200 in 55ms (next.js: 4ms, application-code: 50ms)
 GET /services 200 in 229ms (next.js: 59ms, application-code: 170ms)
 GET /case-studies 200 in 73ms (next.js: 5ms, application-code: 68ms)
 GET /about 200 in 65ms (next.js: 9ms, application-code: 56ms)
✓ Compiled in 110ms
 GET /about 200 in 902ms (next.js: 162ms, application-code: 740ms)
 GET /about 200 in 751ms (next.js: 12ms, application-code: 740ms)
 GET /about 200 in 611ms (next.js: 13ms, application-code: 598ms)
 GET /about 200 in 614ms (next.js: 97ms, application-code: 516ms)
 GET /about 200 in 615ms (next.js: 188ms, application-code: 426ms)
 GET /about 200 in 738ms (next.js: 298ms, application-code: 440ms)
 GET /about 200 in 334ms (next.js: 10ms, application-code: 324ms)
 GET /about 200 in 163ms (next.js: 26ms, application-code: 137ms)
 GET /about 200 in 44ms (next.js: 20ms, application-code: 23ms)
 GET /about 200 in 60ms (next.js: 4ms, application-code: 56ms)
 GET /case-studies 200 in 303ms (next.js: 183ms, application-code: 120ms)
 GET /services 200 in 1044ms (next.js: 179ms, application-code: 865ms)
✓ Compiled in 1134ms
 GET /services 200 in 247ms (next.js: 8ms, application-code: 239ms)
 GET /services 200 in 247ms (next.js: 173ms, application-code: 74ms)
 GET /services 200 in 253ms (next.js: 109ms, application-code: 144ms)
 GET /services 200 in 1115ms (next.js: 120ms, application-code: 994ms)
 GET /services 200 in 863ms (next.js: 526ms, application-code: 337ms)
 GET /services 200 in 883ms (next.js: 8ms, application-code: 875ms)
✓ Compiled in 139ms
 GET / 200 in 356ms (next.js: 158ms, application-code: 198ms)
[browser] Detected `scroll-behavior: smooth` on the `<html>` element. To disable smooth scrolling during route transitions, add `data-scroll-behavior="smooth"` to your <html> element. Learn more: https://nextjs.org/docs/messages/missing-data-scroll-behavior (file://C:/Users/Mohammed Hatim/vector-systems/.next/dev/static/chunks/node_modules_next_dist_115brz8._.js:2431:13)
 GET /services 200 in 158ms (next.js: 18ms, application-code: 140ms)
 GET /case-studies 200 in 358ms (next.js: 234ms, application-code: 123ms)
 GET /about 200 in 628ms (next.js: 234ms, application-code: 394ms)
 GET /case-studies 200 in 72ms (next.js: 7ms, application-code: 65ms)
 GET /services 200 in 102ms (next.js: 8ms, application-code: 95ms)
 GET / 200 in 139ms (next.js: 11ms, application-code: 128ms)
 GET /case-studies 200 in 82ms (next.js: 8ms, application-code: 74ms)
 GET /about 200 in 64ms (next.js: 6ms, application-code: 58ms)
 GET / 200 in 136ms (next.js: 29ms, application-code: 107ms)
 GET /services 200 in 81ms (next.js: 7ms, application-code: 74ms)
✓ Compiled in 440ms
 GET /services 200 in 1191ms (next.js: 201ms, application-code: 990ms)
 GET /services 200 in 842ms (next.js: 14ms, application-code: 828ms)
 GET /services 200 in 691ms (next.js: 14ms, application-code: 677ms)
 GET /services 200 in 691ms (next.js: 171ms, application-code: 520ms)
 GET /services 200 in 688ms (next.js: 269ms, application-code: 419ms)
 GET /services 200 in 311ms (next.js: 15ms, application-code: 296ms)
 GET /services 200 in 339ms (next.js: 23ms, application-code: 315ms)
 GET /services 200 in 343ms (next.js: 178ms, application-code: 165ms)
 GET /case-studies 200 in 320ms (next.js: 214ms, application-code: 106ms)
 GET /about 200 in 273ms (next.js: 185ms, application-code: 88ms)
 GET /case-studies 200 in 64ms (next.js: 7ms, application-code: 56ms)
 GET /services 200 in 112ms (next.js: 18ms, application-code: 95ms)
 GET / 200 in 145ms (next.js: 59ms, application-code: 86ms)
 GET /about 200 in 43ms (next.js: 3ms, application-code: 40ms)
 GET /case-studies 200 in 57ms (next.js: 6ms, application-code: 50ms)
 GET /contact 200 in 256ms (next.js: 198ms, application-code: 58ms)
 GET /case-studies 200 in 51ms (next.js: 4ms, application-code: 47ms)
 GET /services 200 in 68ms (next.js: 7ms, application-code: 60ms)
 GET /case-studies 200 in 30ms (next.js: 4ms, application-code: 26ms)
 GET /about 200 in 46ms (next.js: 6ms, application-code: 40ms)
 GET /case-studies 200 in 47ms (next.js: 6ms, application-code: 41ms)
 GET /services 200 in 70ms (next.js: 3ms, application-code: 67ms)
 GET /case-studies 200 in 42ms (next.js: 3ms, application-code: 38ms)
 GET /about 200 in 48ms (next.js: 4ms, application-code: 45ms)
 GET / 200 in 79ms (next.js: 5ms, application-code: 74ms)
 GET /case-studies 200 in 44ms (next.js: 3ms, application-code: 41ms)
 GET /about 200 in 50ms (next.js: 6ms, application-code: 44ms)
 GET /about 200 in 1255ms (next.js: 130ms, application-code: 1125ms)
 GET /case-studies 200 in 118ms (next.js: 25ms, application-code: 93ms)
[browser] Detected `scroll-behavior: smooth` on the `<html>` element. To disable smooth scrolling during route transitions, add `data-scroll-behavior="smooth"` to your <html> element. Learn more: https://nextjs.org/docs/messages/missing-data-scroll-behavior (file://C:/Users/Mohammed Hatim/vector-systems/.next/dev/static/chunks/node_modules_next_dist_115brz8._.js:2431:13)
 GET /services 200 in 153ms (next.js: 25ms, application-code: 128ms)
 GET / 200 in 126ms (next.js: 24ms, application-code: 102ms)
 GET /case-studies 200 in 57ms (next.js: 5ms, application-code: 52ms)
 GET /services 200 in 74ms (next.js: 5ms, application-code: 70ms)
 GET /case-studies 200 in 44ms (next.js: 3ms, application-code: 41ms)
 GET / 200 in 239ms (next.js: 9ms, application-code: 230ms)
 GET /about 200 in 44ms (next.js: 7ms, application-code: 37ms)
 GET / 200 in 106ms (next.js: 12ms, application-code: 94ms)
 GET /about 200 in 35ms (next.js: 5ms, application-code: 31ms)
 GET / 200 in 86ms (next.js: 5ms, application-code: 82ms)
 GET /about 200 in 51ms (next.js: 5ms, application-code: 46ms)
 GET / 200 in 64ms (next.js: 7ms, application-code: 58ms)
 GET /services 200 in 64ms (next.js: 4ms, application-code: 60ms)
 GET / 200 in 54ms (next.js: 4ms, application-code: 50ms)
 GET / 200 in 681ms (next.js: 15ms, application-code: 666ms)
 GET / 200 in 27ms (next.js: 11ms, application-code: 16ms)
 GET / 200 in 20ms (next.js: 8ms, application-code: 12ms)
 GET /services 200 in 91ms (next.js: 12ms, application-code: 79ms)
[browser] Detected `scroll-behavior: smooth` on the `<html>` element. To disable smooth scrolling during route transitions, add `data-scroll-behavior="smooth"` to your <html> element. Learn more: https://nextjs.org/docs/messages/missing-data-scroll-behavior (file://C:/Users/Mohammed Hatim/vector-systems/.next/dev/static/chunks/node_modules_next_dist_115brz8._.js:2431:13)
 GET / 200 in 86ms (next.js: 8ms, application-code: 78ms)
 GET /services 200 in 73ms (next.js: 7ms, application-code: 67ms)
 GET /case-studies 200 in 85ms (next.js: 22ms, application-code: 63ms)
 GET /about 200 in 96ms (next.js: 25ms, application-code: 71ms)
 GET /about 200 in 59ms (next.js: 7ms, application-code: 51ms)
 GET / 200 in 70ms (next.js: 7ms, application-code: 63ms)
 GET /case-studies 200 in 65ms (next.js: 6ms, application-code: 59ms)
 GET /contact 200 in 90ms (next.js: 19ms, application-code: 71ms)
 GET /services 200 in 83ms (next.js: 5ms, application-code: 78ms)
 GET /case-studies 200 in 49ms (next.js: 3ms, application-code: 46ms)
✓ Compiled in 491ms
 GET /case-studies 200 in 770ms (next.js: 7ms, application-code: 762ms)
 GET /case-studies 200 in 1074ms (next.js: 430ms, application-code: 644ms)
 GET /services 200 in 521ms (next.js: 216ms, application-code: 305ms)
 GET /case-studies 200 in 48ms (next.js: 7ms, application-code: 41ms)
 GET /services 200 in 118ms (next.js: 8ms, application-code: 111ms)
 GET /case-studies 200 in 47ms (next.js: 5ms, application-code: 42ms)
✓ Compiled in 736ms
 GET /case-studies 200 in 662ms (next.js: 190ms, application-code: 472ms)
 GET /case-studies 200 in 427ms (next.js: 6ms, application-code: 421ms)
 GET /case-studies 200 in 350ms (next.js: 8ms, application-code: 342ms)
 GET /case-studies 200 in 350ms (next.js: 70ms, application-code: 280ms)
 GET /case-studies 200 in 350ms (next.js: 134ms, application-code: 216ms)
 GET /case-studies 200 in 350ms (next.js: 196ms, application-code: 154ms)
 GET /case-studies 200 in 84ms (next.js: 7ms, application-code: 77ms)
 GET /case-studies 200 in 65ms (next.js: 7ms, application-code: 58ms)
✓ Compiled in 509ms
⨯ ./components/site/site-footer.tsx
Reading source code for parsing failed
An unexpected error happened while trying to read the source code to parse: failed to convert rope into string

Caused by:
- invalid utf-8 sequence of 1 bytes from index 2743

Import trace:
  Server Component:
    ./components/site/site-footer.tsx
    ./app/layout.tsx


 GET /case-studies 500 in 3.0s (next.js: 2.6s, application-code: 367ms)
⨯ ./components/site/site-footer.tsx
Reading source code for parsing failed
An unexpected error happened while trying to read the source code to parse: failed to convert rope into string

Caused by:
- invalid utf-8 sequence of 1 bytes from index 2743

Import trace:
  Server Component:
    ./components/site/site-footer.tsx
    ./app/layout.tsx


 GET /case-studies 500 in 128ms (next.js: 107ms, application-code: 21ms)
⨯ ./components/site/site-footer.tsx
Reading source code for parsing failed
An unexpected error happened while trying to read the source code to parse: failed to convert rope into string

Caused by:
- invalid utf-8 sequence of 1 bytes from index 2743

Import trace:
  Server Component:
    ./components/site/site-footer.tsx
    ./app/layout.tsx


⨯ ./components/site/site-footer.tsx
Reading source code for parsing failed
An unexpected error happened while trying to read the source code to parse: failed to convert rope into string

Caused by:
- invalid utf-8 sequence of 1 bytes from index 2743

Import trace:
  Server Component:
    ./components/site/site-footer.tsx
    ./app/layout.tsx


 GET /case-studies 500 in 39ms (next.js: 15ms, application-code: 24ms)
 GET /case-studies 500 in 40ms (next.js: 14ms, application-code: 26ms)
[browser] Uncaught Error: ./components/site/site-footer.tsx
Reading source code for parsing failed
An unexpected error happened while trying to read the source code to parse: failed to convert rope into string

Caused by:
- invalid utf-8 sequence of 1 bytes from index 2743

Import trace:
  Server Component:
    ./components/site/site-footer.tsx
    ./app/layout.tsx


⨯ ./components/site/site-footer.tsx
Reading source code for parsing failed
An unexpected error happened while trying to read the source code to parse: failed to convert rope into string

Caused by:
- invalid utf-8 sequence of 1 bytes from index 2743

Import trace:
  Server Component:
    ./components/site/site-footer.tsx
    ./app/layout.tsx


 GET /case-studies 500 in 93ms (next.js: 69ms, application-code: 24ms)
[browser] Uncaught Error: ./components/site/site-footer.tsx
Reading source code for parsing failed
An unexpected error happened while trying to read the source code to parse: failed to convert rope into string

Caused by:
- invalid utf-8 sequence of 1 bytes from index 2743

Import trace:
  Server Component:
    ./components/site/site-footer.tsx
    ./app/layout.tsx


✓ Compiled in 129ms
 GET /case-studies 200 in 1201ms (next.js: 237ms, application-code: 964ms)
 GET /about 200 in 348ms (next.js: 247ms, application-code: 102ms)
[browser] Detected `scroll-behavior: smooth` on the `<html>` element. To disable smooth scrolling during route transitions, add `data-scroll-behavior="smooth"` to your <html> element. Learn more: https://nextjs.org/docs/messages/missing-data-scroll-behavior (file://C:/Users/Mohammed Hatim/vector-systems/.next/dev/static/chunks/node_modules_next_dist_115brz8._.js:2431:13)
 GET /case-studies 200 in 67ms (next.js: 10ms, application-code: 56ms)
 GET /about 200 in 66ms (next.js: 7ms, application-code: 59ms)
 GET /case-studies 200 in 78ms (next.js: 10ms, application-code: 67ms)
 GET /services 200 in 389ms (next.js: 217ms, application-code: 172ms)
 GET / 200 in 559ms (next.js: 264ms, application-code: 295ms)
⨯ ./components/site/site-footer.tsx:1:31
Export Linkedin doesn't exist in target module
[31m[1m>[0m [90m1 |[0m ﻿[36mimport[0m [33mLink[0m [36mfrom[0m [32m"next/link"[0m;
  [90m  |[0m                            [31m[1m^[0m
[31m[1m>[0m [90m2 |[0m [36mimport[0m { [33mLinkedin[0m, [33mMail[0m, [33mPhone[0m } [36mfrom[0m [32m"lucide-react"[0m;
  [90m  |[0m [31m[1m^^^^^^^^^^^^^^^^^^^^^^^^^^^^^^^^^^^^^^^^^^^^^^^^^^[0m
  [90m3 |[0m [36mimport[0m { siteConfig } [36mfrom[0m [32m"@/lib/site-content"[0m;
  [90m4 |[0m
  [90m5 |[0m [36mexport[0m [36mfunction[0m [33mSiteFooter[0m() {

The export Linkedin was not found in module [project]/node_modules/lucide-react/dist/esm/lucide-react.js [app-rsc] (ecmascript).
Did you mean to import Link?
All exports of the module are statically known (It doesn't have dynamic exports). So it's known statically that the requested export doesn't exist.

Import trace:
  Server Component:
    ./components/site/site-footer.tsx
    ./app/layout.tsx


 GET / 500 in 1349ms (next.js: 1326ms, application-code: 23ms)
⨯ ./components/site/site-footer.tsx:1:31
Export Linkedin doesn't exist in target module
[31m[1m>[0m [90m1 |[0m ﻿[36mimport[0m [33mLink[0m [36mfrom[0m [32m"next/link"[0m;
  [90m  |[0m                            [31m[1m^[0m
[31m[1m>[0m [90m2 |[0m [36mimport[0m { [33mLinkedin[0m, [33mMail[0m, [33mPhone[0m } [36mfrom[0m [32m"lucide-react"[0m;
  [90m  |[0m [31m[1m^^^^^^^^^^^^^^^^^^^^^^^^^^^^^^^^^^^^^^^^^^^^^^^^^^[0m
  [90m3 |[0m [36mimport[0m { siteConfig } [36mfrom[0m [32m"@/lib/site-content"[0m;
  [90m4 |[0m
  [90m5 |[0m [36mexport[0m [36mfunction[0m [33mSiteFooter[0m() {

The export Linkedin was not found in module [project]/node_modules/lucide-react/dist/esm/lucide-react.js [app-rsc] (ecmascript).
Did you mean to import Link?
All exports of the module are statically known (It doesn't have dynamic exports). So it's known statically that the requested export doesn't exist.

Import trace:
  Server Component:
    ./components/site/site-footer.tsx
    ./app/layout.tsx


 GET / 500 in 34ms (next.js: 16ms, application-code: 19ms)
⨯ ./components/site/site-footer.tsx:1:31
Export Linkedin doesn't exist in target module
[31m[1m>[0m [90m1 |[0m ﻿[36mimport[0m [33mLink[0m [36mfrom[0m [32m"next/link"[0m;
  [90m  |[0m                            [31m[1m^[0m
[31m[1m>[0m [90m2 |[0m [36mimport[0m { [33mLinkedin[0m, [33mMail[0m, [33mPhone[0m } [36mfrom[0m [32m"lucide-react"[0m;
  [90m  |[0m [31m[1m^^^^^^^^^^^^^^^^^^^^^^^^^^^^^^^^^^^^^^^^^^^^^^^^^^[0m
  [90m3 |[0m [36mimport[0m { siteConfig } [36mfrom[0m [32m"@/lib/site-content"[0m;
  [90m4 |[0m
  [90m5 |[0m [36mexport[0m [36mfunction[0m [33mSiteFooter[0m() {

The export Linkedin was not found in module [project]/node_modules/lucide-react/dist/esm/lucide-react.js [app-rsc] (ecmascript).
Did you mean to import Link?
All exports of the module are statically known (It doesn't have dynamic exports). So it's known statically that the requested export doesn't exist.

Import trace:
  Server Component:
    ./components/site/site-footer.tsx
    ./app/layout.tsx


 GET / 500 in 37ms (next.js: 15ms, application-code: 23ms)
⨯ ./components/site/site-footer.tsx:1:31
Export Linkedin doesn't exist in target module
[31m[1m>[0m [90m1 |[0m ﻿[36mimport[0m [33mLink[0m [36mfrom[0m [32m"next/link"[0m;
  [90m  |[0m                            [31m[1m^[0m
[31m[1m>[0m [90m2 |[0m [36mimport[0m { [33mLinkedin[0m, [33mMail[0m, [33mPhone[0m } [36mfrom[0m [32m"lucide-react"[0m;
  [90m  |[0m [31m[1m^^^^^^^^^^^^^^^^^^^^^^^^^^^^^^^^^^^^^^^^^^^^^^^^^^[0m
  [90m3 |[0m [36mimport[0m { siteConfig } [36mfrom[0m [32m"@/lib/site-content"[0m;
  [90m4 |[0m
  [90m5 |[0m [36mexport[0m [36mfunction[0m [33mSiteFooter[0m() {

The export Linkedin was not found in module [project]/node_modules/lucide-react/dist/esm/lucide-react.js [app-rsc] (ecmascript).
Did you mean to import Link?
All exports of the module are statically known (It doesn't have dynamic exports). So it's known statically that the requested export doesn't exist.

Import trace:
  Server Component:
    ./components/site/site-footer.tsx
    ./app/layout.tsx


 GET / 500 in 42ms (next.js: 25ms, application-code: 17ms)
⨯ ./components/site/site-footer.tsx:1:31
Export Linkedin doesn't exist in target module
[31m[1m>[0m [90m1 |[0m ﻿[36mimport[0m [33mLink[0m [36mfrom[0m [32m"next/link"[0m;
  [90m  |[0m                            [31m[1m^[0m
[31m[1m>[0m [90m2 |[0m [36mimport[0m { [33mLinkedin[0m, [33mMail[0m, [33mPhone[0m } [36mfrom[0m [32m"lucide-react"[0m;
  [90m  |[0m [31m[1m^^^^^^^^^^^^^^^^^^^^^^^^^^^^^^^^^^^^^^^^^^^^^^^^^^[0m
  [90m3 |[0m [36mimport[0m { siteConfig } [36mfrom[0m [32m"@/lib/site-content"[0m;
  [90m4 |[0m
  [90m5 |[0m [36mexport[0m [36mfunction[0m [33mSiteFooter[0m() {

The export Linkedin was not found in module [project]/node_modules/lucide-react/dist/esm/lucide-react.js [app-rsc] (ecmascript).
Did you mean to import Link?
All exports of the module are statically known (It doesn't have dynamic exports). So it's known statically that the requested export doesn't exist.

Import trace:
  Server Component:
    ./components/site/site-footer.tsx
    ./app/layout.tsx


⨯ ./components/site/site-footer.tsx:1:31
Export Linkedin doesn't exist in target module
[31m[1m>[0m [90m1 |[0m ﻿[36mimport[0m [33mLink[0m [36mfrom[0m [32m"next/link"[0m;
  [90m  |[0m                            [31m[1m^[0m
[31m[1m>[0m [90m2 |[0m [36mimport[0m { [33mLinkedin[0m, [33mMail[0m, [33mPhone[0m } [36mfrom[0m [32m"lucide-react"[0m;
  [90m  |[0m [31m[1m^^^^^^^^^^^^^^^^^^^^^^^^^^^^^^^^^^^^^^^^^^^^^^^^^^[0m
  [90m3 |[0m [36mimport[0m { siteConfig } [36mfrom[0m [32m"@/lib/site-content"[0m;
  [90m4 |[0m
  [90m5 |[0m [36mexport[0m [36mfunction[0m [33mSiteFooter[0m() {

The export Linkedin was not found in module [project]/node_modules/lucide-react/dist/esm/lucide-react.js [app-rsc] (ecmascript).
Did you mean to import Link?
All exports of the module are statically known (It doesn't have dynamic exports). So it's known statically that the requested export doesn't exist.

Import trace:
  Server Component:
    ./components/site/site-footer.tsx
    ./app/layout.tsx


 GET / 500 in 38ms (next.js: 14ms, application-code: 24ms)
 GET / 500 in 62ms (next.js: 36ms, application-code: 26ms)
[browser] ./components/site/site-footer.tsx:1:31
Export Linkedin doesn't exist in target module
> 1 | ﻿import Link from "next/link";
    |                            ^
> 2 | import { Linkedin, Mail, Phone } from "lucide-react";
    | ^^^^^^^^^^^^^^^^^^^^^^^^^^^^^^^^^^^^^^^^^^^^^^^^^^
  3 | import { siteConfig } from "@/lib/site-content";
  4 |
  5 | export function SiteFooter() {

The export Linkedin was not found in module [project]/node_modules/lucide-react/dist/esm/lucide-react.js [app-rsc] (ecmascript).
Did you mean to import Link?
All exports of the module are statically known (It doesn't have dynamic exports). So it's known statically that the requested export doesn't exist.

Import trace:
  Server Component:
    ./components/site/site-footer.tsx
    ./app/layout.tsx 
    at handleErrors (file://C:/Users/Mohammed Hatim/vector-systems/.next/dev/static/chunks/node_modules_next_dist_client_0fhqo1d._.js:13828:21)
    at processMessage (file://C:/Users/Mohammed Hatim/vector-systems/.next/dev/static/chunks/node_modules_next_dist_client_0fhqo1d._.js:13891:21)
    at WebSocket.handleMessage (file://C:/Users/Mohammed Hatim/vector-systems/.next/dev/static/chunks/node_modules_next_dist_client_0fhqo1d._.js:13335:52) (file://C:/Users/Mohammed Hatim/vector-systems/.next/dev/static/chunks/node_modules_next_dist_client_0fhqo1d._.js:13828:21)
[browser] Uncaught Error: ./components/site/site-footer.tsx:1:31
Export Linkedin doesn't exist in target module
> 1 | ﻿import Link from "next/link";
    |                            ^
> 2 | import { Linkedin, Mail, Phone } from "lucide-react";
    | ^^^^^^^^^^^^^^^^^^^^^^^^^^^^^^^^^^^^^^^^^^^^^^^^^^
  3 | import { siteConfig } from "@/lib/site-content";
  4 |
  5 | export function SiteFooter() {

The export Linkedin was not found in module [project]/node_modules/lucide-react/dist/esm/lucide-react.js [app-rsc] (ecmascript).
Did you mean to import Link?
All exports of the module are statically known (It doesn't have dynamic exports). So it's known statically that the requested export doesn't exist.

Import trace:
  Server Component:
    ./components/site/site-footer.tsx
    ./app/layout.tsx


    at <unknown> (Error: ./components/site/site-footer.tsx:1:31)
    at <unknown> (Error: (./components/site/site-footer.tsx:1:31)
[browser] ./components/site/site-footer.tsx:1:31
Export Linkedin doesn't exist in target module
> 1 | ﻿import Link from "next/link";
    |                            ^
> 2 | import { Linkedin, Mail, Phone } from "lucide-react";
    | ^^^^^^^^^^^^^^^^^^^^^^^^^^^^^^^^^^^^^^^^^^^^^^^^^^
  3 | import { siteConfig } from "@/lib/site-content";
  4 |
  5 | export function SiteFooter() {

The export Linkedin was not found in module [project]/node_modules/lucide-react/dist/esm/lucide-react.js [app-rsc] (ecmascript).
Did you mean to import Link?
All exports of the module are statically known (It doesn't have dynamic exports). So it's known statically that the requested export doesn't exist.

Import trace:
  Server Component:
    ./components/site/site-footer.tsx
    ./app/layout.tsx 
    at handleErrors (file://C:/Users/Mohammed Hatim/vector-systems/.next/dev/static/chunks/node_modules_next_dist_client_0pe1dg-._.js:2773:21)
    at processMessage (file://C:/Users/Mohammed Hatim/vector-systems/.next/dev/static/chunks/node_modules_next_dist_client_0pe1dg-._.js:2834:28)
    at <unknown> (file://C:/Users/Mohammed Hatim/vector-systems/.next/dev/static/chunks/node_modules_next_dist_client_0pe1dg-._.js:2679:13)
    at WebSocket.handleMessage (file://C:/Users/Mohammed Hatim/vector-systems/.next/dev/static/chunks/node_modules_next_dist_client_0pe1dg-._.js:2324:17) (file://C:/Users/Mohammed Hatim/vector-systems/.next/dev/static/chunks/node_modules_next_dist_client_0pe1dg-._.js:2773:21)
[browser] ./components/site/site-footer.tsx:1:31
Export Linkedin doesn't exist in target module
> 1 | ﻿import Link from "next/link";
    |                            ^
> 2 | import { Linkedin, Mail, Phone } from "lucide-react";
    | ^^^^^^^^^^^^^^^^^^^^^^^^^^^^^^^^^^^^^^^^^^^^^^^^^^
  3 | import { siteConfig } from "@/lib/site-content";
  4 |
  5 | export function SiteFooter() {

The export Linkedin was not found in module [project]/node_modules/lucide-react/dist/esm/lucide-react.js [app-rsc] (ecmascript).
Did you mean to import Link?
All exports of the module are statically known (It doesn't have dynamic exports). So it's known statically that the requested export doesn't exist.

Import trace:
  Server Component:
    ./components/site/site-footer.tsx
    ./app/layout.tsx 
    at handleErrors (file://C:/Users/Mohammed Hatim/vector-systems/.next/dev/static/chunks/node_modules_next_dist_client_0pe1dg-._.js:2773:21)
    at processMessage (file://C:/Users/Mohammed Hatim/vector-systems/.next/dev/static/chunks/node_modules_next_dist_client_0pe1dg-._.js:2834:28)
    at <unknown> (file://C:/Users/Mohammed Hatim/vector-systems/.next/dev/static/chunks/node_modules_next_dist_client_0pe1dg-._.js:2679:13)
    at WebSocket.handleMessage (file://C:/Users/Mohammed Hatim/vector-systems/.next/dev/static/chunks/node_modules_next_dist_client_0pe1dg-._.js:2324:17) (file://C:/Users/Mohammed Hatim/vector-systems/.next/dev/static/chunks/node_modules_next_dist_client_0pe1dg-._.js:2773:21)
[browser] ./components/site/site-footer.tsx:1:31
Export Linkedin doesn't exist in target module
> 1 | ﻿import Link from "next/link";
    |                            ^
> 2 | import { Linkedin, Mail, Phone } from "lucide-react";
    | ^^^^^^^^^^^^^^^^^^^^^^^^^^^^^^^^^^^^^^^^^^^^^^^^^^
  3 | import { siteConfig } from "@/lib/site-content";
  4 |
  5 | export function SiteFooter() {

The export Linkedin was not found in module [project]/node_modules/lucide-react/dist/esm/lucide-react.js [app-rsc] (ecmascript).
Did you mean to import Link?
All exports of the module are statically known (It doesn't have dynamic exports). So it's known statically that the requested export doesn't exist.

Import trace:
  Server Component:
    ./components/site/site-footer.tsx
    ./app/layout.tsx 
    at handleErrors (file://C:/Users/Mohammed Hatim/vector-systems/.next/dev/static/chunks/node_modules_next_dist_client_0pe1dg-._.js:2773:21)
    at processMessage (file://C:/Users/Mohammed Hatim/vector-systems/.next/dev/static/chunks/node_modules_next_dist_client_0pe1dg-._.js:2834:28)
    at <unknown> (file://C:/Users/Mohammed Hatim/vector-systems/.next/dev/static/chunks/node_modules_next_dist_client_0pe1dg-._.js:2679:13)
    at WebSocket.handleMessage (file://C:/Users/Mohammed Hatim/vector-systems/.next/dev/static/chunks/node_modules_next_dist_client_0pe1dg-._.js:2324:17) (file://C:/Users/Mohammed Hatim/vector-systems/.next/dev/static/chunks/node_modules_next_dist_client_0pe1dg-._.js:2773:21)
[browser] ./components/site/site-footer.tsx:1:31
Export Linkedin doesn't exist in target module
> 1 | ﻿import Link from "next/link";
    |                            ^
> 2 | import { Linkedin, Mail, Phone } from "lucide-react";
    | ^^^^^^^^^^^^^^^^^^^^^^^^^^^^^^^^^^^^^^^^^^^^^^^^^^
  3 | import { siteConfig } from "@/lib/site-content";
  4 |
  5 | export function SiteFooter() {

The export Linkedin was not found in module [project]/node_modules/lucide-react/dist/esm/lucide-react.js [app-rsc] (ecmascript).
Did you mean to import Link?
All exports of the module are statically known (It doesn't have dynamic exports). So it's known statically that the requested export doesn't exist.

Import trace:
  Server Component:
    ./components/site/site-footer.tsx
    ./app/layout.tsx 
    at handleErrors (file://C:/Users/Mohammed Hatim/vector-systems/.next/dev/static/chunks/node_modules_next_dist_client_0pe1dg-._.js:2773:21)
    at processMessage (file://C:/Users/Mohammed Hatim/vector-systems/.next/dev/static/chunks/node_modules_next_dist_client_0pe1dg-._.js:2834:28)
    at <unknown> (file://C:/Users/Mohammed Hatim/vector-systems/.next/dev/static/chunks/node_modules_next_dist_client_0pe1dg-._.js:2679:13)
    at WebSocket.handleMessage (file://C:/Users/Mohammed Hatim/vector-systems/.next/dev/static/chunks/node_modules_next_dist_client_0pe1dg-._.js:2324:17) (file://C:/Users/Mohammed Hatim/vector-systems/.next/dev/static/chunks/node_modules_next_dist_client_0pe1dg-._.js:2773:21)
[browser] ./components/site/site-footer.tsx:1:31
Export Linkedin doesn't exist in target module
> 1 | ﻿import Link from "next/link";
    |                            ^
> 2 | import { Linkedin, Mail, Phone } from "lucide-react";
    | ^^^^^^^^^^^^^^^^^^^^^^^^^^^^^^^^^^^^^^^^^^^^^^^^^^
  3 | import { siteConfig } from "@/lib/site-content";
  4 |
  5 | export function SiteFooter() {

The export Linkedin was not found in module [project]/node_modules/lucide-react/dist/esm/lucide-react.js [app-rsc] (ecmascript).
Did you mean to import Link?
All exports of the module are statically known (It doesn't have dynamic exports). So it's known statically that the requested export doesn't exist.

Import trace:
  Server Component:
    ./components/site/site-footer.tsx
    ./app/layout.tsx 
    at handleErrors (file://C:/Users/Mohammed Hatim/vector-systems/.next/dev/static/chunks/node_modules_next_dist_client_0pe1dg-._.js:2773:21)
    at processMessage (file://C:/Users/Mohammed Hatim/vector-systems/.next/dev/static/chunks/node_modules_next_dist_client_0pe1dg-._.js:2834:28)
    at <unknown> (file://C:/Users/Mohammed Hatim/vector-systems/.next/dev/static/chunks/node_modules_next_dist_client_0pe1dg-._.js:2679:13)
    at WebSocket.handleMessage (file://C:/Users/Mohammed Hatim/vector-systems/.next/dev/static/chunks/node_modules_next_dist_client_0pe1dg-._.js:2324:17) (file://C:/Users/Mohammed Hatim/vector-systems/.next/dev/static/chunks/node_modules_next_dist_client_0pe1dg-._.js:2773:21)
[browser] ./components/site/site-footer.tsx:1:31
Export Linkedin doesn't exist in target module
> 1 | ﻿import Link from "next/link";
    |                            ^
> 2 | import { Linkedin, Mail, Phone } from "lucide-react";
    | ^^^^^^^^^^^^^^^^^^^^^^^^^^^^^^^^^^^^^^^^^^^^^^^^^^
  3 | import { siteConfig } from "@/lib/site-content";
  4 |
  5 | export function SiteFooter() {

The export Linkedin was not found in module [project]/node_modules/lucide-react/dist/esm/lucide-react.js [app-rsc] (ecmascript).
Did you mean to import Link?
All exports of the module are statically known (It doesn't have dynamic exports). So it's known statically that the requested export doesn't exist.

Import trace:
  Server Component:
    ./components/site/site-footer.tsx
    ./app/layout.tsx 
    at handleErrors (file://C:/Users/Mohammed Hatim/vector-systems/.next/dev/static/chunks/node_modules_next_dist_client_0pe1dg-._.js:2773:21)
    at processMessage (file://C:/Users/Mohammed Hatim/vector-systems/.next/dev/static/chunks/node_modules_next_dist_client_0pe1dg-._.js:2834:28)
    at <unknown> (file://C:/Users/Mohammed Hatim/vector-systems/.next/dev/static/chunks/node_modules_next_dist_client_0pe1dg-._.js:2679:13)
    at WebSocket.handleMessage (file://C:/Users/Mohammed Hatim/vector-systems/.next/dev/static/chunks/node_modules_next_dist_client_0pe1dg-._.js:2324:17) (file://C:/Users/Mohammed Hatim/vector-systems/.next/dev/static/chunks/node_modules_next_dist_client_0pe1dg-._.js:2773:21)
[browser] ./components/site/site-footer.tsx:1:31
Export Linkedin doesn't exist in target module
> 1 | ﻿import Link from "next/link";
    |                            ^
> 2 | import { Linkedin, Mail, Phone } from "lucide-react";
    | ^^^^^^^^^^^^^^^^^^^^^^^^^^^^^^^^^^^^^^^^^^^^^^^^^^
  3 | import { siteConfig } from "@/lib/site-content";
  4 |
  5 | export function SiteFooter() {

The export Linkedin was not found in module [project]/node_modules/lucide-react/dist/esm/lucide-react.js [app-rsc] (ecmascript).
Did you mean to import Link?
All exports of the module are statically known (It doesn't have dynamic exports). So it's known statically that the requested export doesn't exist.

Import trace:
  Server Component:
    ./components/site/site-footer.tsx
    ./app/layout.tsx 
    at handleErrors (file://C:/Users/Mohammed Hatim/vector-systems/.next/dev/static/chunks/node_modules_next_dist_client_0pe1dg-._.js:2773:21)
    at processMessage (file://C:/Users/Mohammed Hatim/vector-systems/.next/dev/static/chunks/node_modules_next_dist_client_0pe1dg-._.js:2834:28)
    at <unknown> (file://C:/Users/Mohammed Hatim/vector-systems/.next/dev/static/chunks/node_modules_next_dist_client_0pe1dg-._.js:2679:13)
    at WebSocket.handleMessage (file://C:/Users/Mohammed Hatim/vector-systems/.next/dev/static/chunks/node_modules_next_dist_client_0pe1dg-._.js:2324:17) (file://C:/Users/Mohammed Hatim/vector-systems/.next/dev/static/chunks/node_modules_next_dist_client_0pe1dg-._.js:2773:21)
[browser] ./components/site/site-footer.tsx:1:31
Export Linkedin doesn't exist in target module
> 1 | ﻿import Link from "next/link";
    |                            ^
> 2 | import { Linkedin, Mail, Phone } from "lucide-react";
    | ^^^^^^^^^^^^^^^^^^^^^^^^^^^^^^^^^^^^^^^^^^^^^^^^^^
  3 | import { siteConfig } from "@/lib/site-content";
  4 |
  5 | export function SiteFooter() {

The export Linkedin was not found in module [project]/node_modules/lucide-react/dist/esm/lucide-react.js [app-rsc] (ecmascript).
Did you mean to import Link?
All exports of the module are statically known (It doesn't have dynamic exports). So it's known statically that the requested export doesn't exist.

Import trace:
  Server Component:
    ./components/site/site-footer.tsx
    ./app/layout.tsx 
    at handleErrors (file://C:/Users/Mohammed Hatim/vector-systems/.next/dev/static/chunks/node_modules_next_dist_client_0pe1dg-._.js:2773:21)
    at processMessage (file://C:/Users/Mohammed Hatim/vector-systems/.next/dev/static/chunks/node_modules_next_dist_client_0pe1dg-._.js:2834:28)
    at <unknown> (file://C:/Users/Mohammed Hatim/vector-systems/.next/dev/static/chunks/node_modules_next_dist_client_0pe1dg-._.js:2679:13)
    at WebSocket.handleMessage (file://C:/Users/Mohammed Hatim/vector-systems/.next/dev/static/chunks/node_modules_next_dist_client_0pe1dg-._.js:2324:17) (file://C:/Users/Mohammed Hatim/vector-systems/.next/dev/static/chunks/node_modules_next_dist_client_0pe1dg-._.js:2773:21)
[browser] ./components/site/site-footer.tsx:1:31
Export Linkedin doesn't exist in target module
> 1 | ﻿import Link from "next/link";
    |                            ^
> 2 | import { Linkedin, Mail, Phone } from "lucide-react";
    | ^^^^^^^^^^^^^^^^^^^^^^^^^^^^^^^^^^^^^^^^^^^^^^^^^^
  3 | import { siteConfig } from "@/lib/site-content";
  4 |
  5 | export function SiteFooter() {

The export Linkedin was not found in module [project]/node_modules/lucide-react/dist/esm/lucide-react.js [app-rsc] (ecmascript).
Did you mean to import Link?
All exports of the module are statically known (It doesn't have dynamic exports). So it's known statically that the requested export doesn't exist.

Import trace:
  Server Component:
    ./components/site/site-footer.tsx
    ./app/layout.tsx 
    at handleErrors (file://C:/Users/Mohammed Hatim/vector-systems/.next/dev/static/chunks/node_modules_next_dist_client_0pe1dg-._.js:2773:21)
    at processMessage (file://C:/Users/Mohammed Hatim/vector-systems/.next/dev/static/chunks/node_modules_next_dist_client_0pe1dg-._.js:2834:28)
    at <unknown> (file://C:/Users/Mohammed Hatim/vector-systems/.next/dev/static/chunks/node_modules_next_dist_client_0pe1dg-._.js:2679:13)
    at WebSocket.handleMessage (file://C:/Users/Mohammed Hatim/vector-systems/.next/dev/static/chunks/node_modules_next_dist_client_0pe1dg-._.js:2324:17) (file://C:/Users/Mohammed Hatim/vector-systems/.next/dev/static/chunks/node_modules_next_dist_client_0pe1dg-._.js:2773:21)
[browser] ./components/site/site-footer.tsx:1:31
Export Linkedin doesn't exist in target module
> 1 | ﻿import Link from "next/link";
    |                            ^
> 2 | import { Linkedin, Mail, Phone } from "lucide-react";
    | ^^^^^^^^^^^^^^^^^^^^^^^^^^^^^^^^^^^^^^^^^^^^^^^^^^
  3 | import { siteConfig } from "@/lib/site-content";
  4 |
  5 | export function SiteFooter() {

The export Linkedin was not found in module [project]/node_modules/lucide-react/dist/esm/lucide-react.js [app-rsc] (ecmascript).
Did you mean to import Link?
All exports of the module are statically known (It doesn't have dynamic exports). So it's known statically that the requested export doesn't exist.

Import trace:
  Server Component:
    ./components/site/site-footer.tsx
    ./app/layout.tsx 
    at handleErrors (file://C:/Users/Mohammed Hatim/vector-systems/.next/dev/static/chunks/node_modules_next_dist_client_0pe1dg-._.js:2773:21)
    at processMessage (file://C:/Users/Mohammed Hatim/vector-systems/.next/dev/static/chunks/node_modules_next_dist_client_0pe1dg-._.js:2834:28)
    at <unknown> (file://C:/Users/Mohammed Hatim/vector-systems/.next/dev/static/chunks/node_modules_next_dist_client_0pe1dg-._.js:2679:13)
    at WebSocket.handleMessage (file://C:/Users/Mohammed Hatim/vector-systems/.next/dev/static/chunks/node_modules_next_dist_client_0pe1dg-._.js:2324:17) (file://C:/Users/Mohammed Hatim/vector-systems/.next/dev/static/chunks/node_modules_next_dist_client_0pe1dg-._.js:2773:21)
[browser] ./components/site/site-footer.tsx:1:31
Export Linkedin doesn't exist in target module
> 1 | ﻿import Link from "next/link";
    |                            ^
> 2 | import { Linkedin, Mail, Phone } from "lucide-react";
    | ^^^^^^^^^^^^^^^^^^^^^^^^^^^^^^^^^^^^^^^^^^^^^^^^^^
  3 | import { siteConfig } from "@/lib/site-content";
  4 |
  5 | export function SiteFooter() {

The export Linkedin was not found in module [project]/node_modules/lucide-react/dist/esm/lucide-react.js [app-rsc] (ecmascript).
Did you mean to import Link?
All exports of the module are statically known (It doesn't have dynamic exports). So it's known statically that the requested export doesn't exist.

Import trace:
  Server Component:
    ./components/site/site-footer.tsx
    ./app/layout.tsx 
    at handleErrors (file://C:/Users/Mohammed Hatim/vector-systems/.next/dev/static/chunks/node_modules_next_dist_client_0pe1dg-._.js:2773:21)
    at processMessage (file://C:/Users/Mohammed Hatim/vector-systems/.next/dev/static/chunks/node_modules_next_dist_client_0pe1dg-._.js:2834:28)
    at <unknown> (file://C:/Users/Mohammed Hatim/vector-systems/.next/dev/static/chunks/node_modules_next_dist_client_0pe1dg-._.js:2679:13)
    at WebSocket.handleMessage (file://C:/Users/Mohammed Hatim/vector-systems/.next/dev/static/chunks/node_modules_next_dist_client_0pe1dg-._.js:2324:17) (file://C:/Users/Mohammed Hatim/vector-systems/.next/dev/static/chunks/node_modules_next_dist_client_0pe1dg-._.js:2773:21)
⨯ ./components/site/site-footer.tsx:1:31
Export Linkedin doesn't exist in target module
[31m[1m>[0m [90m1 |[0m ﻿[36mimport[0m [33mLink[0m [36mfrom[0m [32m"next/link"[0m;
  [90m  |[0m                            [31m[1m^[0m
[31m[1m>[0m [90m2 |[0m [36mimport[0m { [33mLinkedin[0m, [33mMail[0m, [33mPhone[0m } [36mfrom[0m [32m"lucide-react"[0m;
  [90m  |[0m [31m[1m^^^^^^^^^^^^^^^^^^^^^^^^^^^^^^^^^^^^^^^^^^^^^^^^^^[0m
  [90m3 |[0m [36mimport[0m { siteConfig } [36mfrom[0m [32m"@/lib/site-content"[0m;
  [90m4 |[0m
  [90m5 |[0m [36mexport[0m [36mfunction[0m [33mSiteFooter[0m() {

The export Linkedin was not found in module [project]/node_modules/lucide-react/dist/esm/lucide-react.js [app-rsc] (ecmascript).
Did you mean to import Link?
All exports of the module are statically known (It doesn't have dynamic exports). So it's known statically that the requested export doesn't exist.

Import trace:
  Server Component:
    ./components/site/site-footer.tsx
    ./app/layout.tsx


 GET / 500 in 42ms (next.js: 21ms, application-code: 21ms)
[browser] Uncaught Error: ./components/site/site-footer.tsx:1:31
Export Linkedin doesn't exist in target module
> 1 | ﻿import Link from "next/link";
    |                            ^
> 2 | import { Linkedin, Mail, Phone } from "lucide-react";
    | ^^^^^^^^^^^^^^^^^^^^^^^^^^^^^^^^^^^^^^^^^^^^^^^^^^
  3 | import { siteConfig } from "@/lib/site-content";
  4 |
  5 | export function SiteFooter() {

The export Linkedin was not found in module [project]/node_modules/lucide-react/dist/esm/lucide-react.js [app-rsc] (ecmascript).
Did you mean to import Link?
All exports of the module are statically known (It doesn't have dynamic exports). So it's known statically that the requested export doesn't exist.

Import trace:
  Server Component:
    ./components/site/site-footer.tsx
    ./app/layout.tsx


    at <unknown> (Error: ./components/site/site-footer.tsx:1:31)
    at <unknown> (Error: (./components/site/site-footer.tsx:1:31)
[browser] ./components/site/site-footer.tsx:1:31
Export Linkedin doesn't exist in target module
> 1 | ﻿import Link from "next/link";
    |                            ^
> 2 | import { Linkedin, Mail, Phone } from "lucide-react";
    | ^^^^^^^^^^^^^^^^^^^^^^^^^^^^^^^^^^^^^^^^^^^^^^^^^^
  3 | import { siteConfig } from "@/lib/site-content";
  4 |
  5 | export function SiteFooter() {

The export Linkedin was not found in module [project]/node_modules/lucide-react/dist/esm/lucide-react.js [app-rsc] (ecmascript).
Did you mean to import Link?
All exports of the module are statically known (It doesn't have dynamic exports). So it's known statically that the requested export doesn't exist.

Import trace:
  Server Component:
    ./components/site/site-footer.tsx
    ./app/layout.tsx 
    at handleErrors (file://C:/Users/Mohammed Hatim/vector-systems/.next/dev/static/chunks/node_modules_next_dist_client_0pe1dg-._.js:2773:21)
    at processMessage (file://C:/Users/Mohammed Hatim/vector-systems/.next/dev/static/chunks/node_modules_next_dist_client_0pe1dg-._.js:2834:28)
    at <unknown> (file://C:/Users/Mohammed Hatim/vector-systems/.next/dev/static/chunks/node_modules_next_dist_client_0pe1dg-._.js:2679:13)
    at WebSocket.handleMessage (file://C:/Users/Mohammed Hatim/vector-systems/.next/dev/static/chunks/node_modules_next_dist_client_0pe1dg-._.js:2324:17) (file://C:/Users/Mohammed Hatim/vector-systems/.next/dev/static/chunks/node_modules_next_dist_client_0pe1dg-._.js:2773:21)
[browser] ./components/site/site-footer.tsx:1:31
Export Linkedin doesn't exist in target module
> 1 | ﻿import Link from "next/link";
    |                            ^
> 2 | import { Linkedin, Mail, Phone } from "lucide-react";
    | ^^^^^^^^^^^^^^^^^^^^^^^^^^^^^^^^^^^^^^^^^^^^^^^^^^
  3 | import { siteConfig } from "@/lib/site-content";
  4 |
  5 | export function SiteFooter() {

The export Linkedin was not found in module [project]/node_modules/lucide-react/dist/esm/lucide-react.js [app-rsc] (ecmascript).
Did you mean to import Link?
All exports of the module are statically known (It doesn't have dynamic exports). So it's known statically that the requested export doesn't exist.

Import trace:
  Server Component:
    ./components/site/site-footer.tsx
    ./app/layout.tsx 
    at handleErrors (file://C:/Users/Mohammed Hatim/vector-systems/.next/dev/static/chunks/node_modules_next_dist_client_0pe1dg-._.js:2773:21)
    at processMessage (file://C:/Users/Mohammed Hatim/vector-systems/.next/dev/static/chunks/node_modules_next_dist_client_0pe1dg-._.js:2834:28)
    at <unknown> (file://C:/Users/Mohammed Hatim/vector-systems/.next/dev/static/chunks/node_modules_next_dist_client_0pe1dg-._.js:2679:13)
    at WebSocket.handleMessage (file://C:/Users/Mohammed Hatim/vector-systems/.next/dev/static/chunks/node_modules_next_dist_client_0pe1dg-._.js:2324:17) (file://C:/Users/Mohammed Hatim/vector-systems/.next/dev/static/chunks/node_modules_next_dist_client_0pe1dg-._.js:2773:21)
[browser] ./components/site/site-footer.tsx:1:31
Export Linkedin doesn't exist in target module
> 1 | ﻿import Link from "next/link";
    |                            ^
> 2 | import { Linkedin, Mail, Phone } from "lucide-react";
    | ^^^^^^^^^^^^^^^^^^^^^^^^^^^^^^^^^^^^^^^^^^^^^^^^^^
  3 | import { siteConfig } from "@/lib/site-content";
  4 |
  5 | export function SiteFooter() {

The export Linkedin was not found in module [project]/node_modules/lucide-react/dist/esm/lucide-react.js [app-rsc] (ecmascript).
Did you mean to import Link?
All exports of the module are statically known (It doesn't have dynamic exports). So it's known statically that the requested export doesn't exist.

Import trace:
  Server Component:
    ./components/site/site-footer.tsx
    ./app/layout.tsx 
    at handleErrors (file://C:/Users/Mohammed Hatim/vector-systems/.next/dev/static/chunks/node_modules_next_dist_client_0pe1dg-._.js:2773:21)
    at processMessage (file://C:/Users/Mohammed Hatim/vector-systems/.next/dev/static/chunks/node_modules_next_dist_client_0pe1dg-._.js:2834:28)
    at <unknown> (file://C:/Users/Mohammed Hatim/vector-systems/.next/dev/static/chunks/node_modules_next_dist_client_0pe1dg-._.js:2679:13)
    at WebSocket.handleMessage (file://C:/Users/Mohammed Hatim/vector-systems/.next/dev/static/chunks/node_modules_next_dist_client_0pe1dg-._.js:2324:17) (file://C:/Users/Mohammed Hatim/vector-systems/.next/dev/static/chunks/node_modules_next_dist_client_0pe1dg-._.js:2773:21)
[browser] ./components/site/site-footer.tsx:1:31
Export Linkedin doesn't exist in target module
> 1 | ﻿import Link from "next/link";
    |                            ^
> 2 | import { Linkedin, Mail, Phone } from "lucide-react";
    | ^^^^^^^^^^^^^^^^^^^^^^^^^^^^^^^^^^^^^^^^^^^^^^^^^^
  3 | import { siteConfig } from "@/lib/site-content";
  4 |
  5 | export function SiteFooter() {

The export Linkedin was not found in module [project]/node_modules/lucide-react/dist/esm/lucide-react.js [app-rsc] (ecmascript).
Did you mean to import Link?
All exports of the module are statically known (It doesn't have dynamic exports). So it's known statically that the requested export doesn't exist.

Import trace:
  Server Component:
    ./components/site/site-footer.tsx
    ./app/layout.tsx 
    at handleErrors (file://C:/Users/Mohammed Hatim/vector-systems/.next/dev/static/chunks/node_modules_next_dist_client_0pe1dg-._.js:2773:21)
    at processMessage (file://C:/Users/Mohammed Hatim/vector-systems/.next/dev/static/chunks/node_modules_next_dist_client_0pe1dg-._.js:2834:28)
    at <unknown> (file://C:/Users/Mohammed Hatim/vector-systems/.next/dev/static/chunks/node_modules_next_dist_client_0pe1dg-._.js:2679:13)
    at WebSocket.handleMessage (file://C:/Users/Mohammed Hatim/vector-systems/.next/dev/static/chunks/node_modules_next_dist_client_0pe1dg-._.js:2324:17) (file://C:/Users/Mohammed Hatim/vector-systems/.next/dev/static/chunks/node_modules_next_dist_client_0pe1dg-._.js:2773:21)
[browser] ./components/site/site-footer.tsx:1:31
Export Linkedin doesn't exist in target module
> 1 | ﻿import Link from "next/link";
    |                            ^
> 2 | import { Linkedin, Mail, Phone } from "lucide-react";
    | ^^^^^^^^^^^^^^^^^^^^^^^^^^^^^^^^^^^^^^^^^^^^^^^^^^
  3 | import { siteConfig } from "@/lib/site-content";
  4 |
  5 | export function SiteFooter() {

The export Linkedin was not found in module [project]/node_modules/lucide-react/dist/esm/lucide-react.js [app-rsc] (ecmascript).
Did you mean to import Link?
All exports of the module are statically known (It doesn't have dynamic exports). So it's known statically that the requested export doesn't exist.

Import trace:
  Server Component:
    ./components/site/site-footer.tsx
    ./app/layout.tsx 
    at handleErrors (file://C:/Users/Mohammed Hatim/vector-systems/.next/dev/static/chunks/node_modules_next_dist_client_0pe1dg-._.js:2773:21)
    at processMessage (file://C:/Users/Mohammed Hatim/vector-systems/.next/dev/static/chunks/node_modules_next_dist_client_0pe1dg-._.js:2834:28)
    at <unknown> (file://C:/Users/Mohammed Hatim/vector-systems/.next/dev/static/chunks/node_modules_next_dist_client_0pe1dg-._.js:2679:13)
    at WebSocket.handleMessage (file://C:/Users/Mohammed Hatim/vector-systems/.next/dev/static/chunks/node_modules_next_dist_client_0pe1dg-._.js:2324:17) (file://C:/Users/Mohammed Hatim/vector-systems/.next/dev/static/chunks/node_modules_next_dist_client_0pe1dg-._.js:2773:21)
[browser] ./components/site/site-footer.tsx:1:31
Export Linkedin doesn't exist in target module
> 1 | ﻿import Link from "next/link";
    |                            ^
> 2 | import { Linkedin, Mail, Phone } from "lucide-react";
    | ^^^^^^^^^^^^^^^^^^^^^^^^^^^^^^^^^^^^^^^^^^^^^^^^^^
  3 | import { siteConfig } from "@/lib/site-content";
  4 |
  5 | export function SiteFooter() {

The export Linkedin was not found in module [project]/node_modules/lucide-react/dist/esm/lucide-react.js [app-rsc] (ecmascript).
Did you mean to import Link?
All exports of the module are statically known (It doesn't have dynamic exports). So it's known statically that the requested export doesn't exist.

Import trace:
  Server Component:
    ./components/site/site-footer.tsx
    ./app/layout.tsx 
    at handleErrors (file://C:/Users/Mohammed Hatim/vector-systems/.next/dev/static/chunks/node_modules_next_dist_client_0pe1dg-._.js:2773:21)
    at processMessage (file://C:/Users/Mohammed Hatim/vector-systems/.next/dev/static/chunks/node_modules_next_dist_client_0pe1dg-._.js:2834:28)
    at <unknown> (file://C:/Users/Mohammed Hatim/vector-systems/.next/dev/static/chunks/node_modules_next_dist_client_0pe1dg-._.js:2679:13)
    at WebSocket.handleMessage (file://C:/Users/Mohammed Hatim/vector-systems/.next/dev/static/chunks/node_modules_next_dist_client_0pe1dg-._.js:2324:17) (file://C:/Users/Mohammed Hatim/vector-systems/.next/dev/static/chunks/node_modules_next_dist_client_0pe1dg-._.js:2773:21)
[browser] ./components/site/site-footer.tsx:1:31
Export Linkedin doesn't exist in target module
> 1 | ﻿import Link from "next/link";
    |                            ^
> 2 | import { Linkedin, Mail, Phone } from "lucide-react";
    | ^^^^^^^^^^^^^^^^^^^^^^^^^^^^^^^^^^^^^^^^^^^^^^^^^^
  3 | import { siteConfig } from "@/lib/site-content";
  4 |
  5 | export function SiteFooter() {

The export Linkedin was not found in module [project]/node_modules/lucide-react/dist/esm/lucide-react.js [app-rsc] (ecmascript).
Did you mean to import Link?
All exports of the module are statically known (It doesn't have dynamic exports). So it's known statically that the requested export doesn't exist.

Import trace:
  Server Component:
    ./components/site/site-footer.tsx
    ./app/layout.tsx 
    at handleErrors (file://C:/Users/Mohammed Hatim/vector-systems/.next/dev/static/chunks/node_modules_next_dist_client_0pe1dg-._.js:2773:21)
    at processMessage (file://C:/Users/Mohammed Hatim/vector-systems/.next/dev/static/chunks/node_modules_next_dist_client_0pe1dg-._.js:2834:28)
    at <unknown> (file://C:/Users/Mohammed Hatim/vector-systems/.next/dev/static/chunks/node_modules_next_dist_client_0pe1dg-._.js:2679:13)
    at WebSocket.handleMessage (file://C:/Users/Mohammed Hatim/vector-systems/.next/dev/static/chunks/node_modules_next_dist_client_0pe1dg-._.js:2324:17) (file://C:/Users/Mohammed Hatim/vector-systems/.next/dev/static/chunks/node_modules_next_dist_client_0pe1dg-._.js:2773:21)
[browser] ./components/site/site-footer.tsx:1:31
Export Linkedin doesn't exist in target module
> 1 | ﻿import Link from "next/link";
    |                            ^
> 2 | import { Linkedin, Mail, Phone } from "lucide-react";
    | ^^^^^^^^^^^^^^^^^^^^^^^^^^^^^^^^^^^^^^^^^^^^^^^^^^
  3 | import { siteConfig } from "@/lib/site-content";
  4 |
  5 | export function SiteFooter() {

The export Linkedin was not found in module [project]/node_modules/lucide-react/dist/esm/lucide-react.js [app-rsc] (ecmascript).
Did you mean to import Link?
All exports of the module are statically known (It doesn't have dynamic exports). So it's known statically that the requested export doesn't exist.

Import trace:
  Server Component:
    ./components/site/site-footer.tsx
    ./app/layout.tsx 
    at handleErrors (file://C:/Users/Mohammed Hatim/vector-systems/.next/dev/static/chunks/node_modules_next_dist_client_0pe1dg-._.js:2773:21)
    at processMessage (file://C:/Users/Mohammed Hatim/vector-systems/.next/dev/static/chunks/node_modules_next_dist_client_0pe1dg-._.js:2834:28)
    at <unknown> (file://C:/Users/Mohammed Hatim/vector-systems/.next/dev/static/chunks/node_modules_next_dist_client_0pe1dg-._.js:2679:13)
    at WebSocket.handleMessage (file://C:/Users/Mohammed Hatim/vector-systems/.next/dev/static/chunks/node_modules_next_dist_client_0pe1dg-._.js:2324:17) (file://C:/Users/Mohammed Hatim/vector-systems/.next/dev/static/chunks/node_modules_next_dist_client_0pe1dg-._.js:2773:21)
[browser] ./components/site/site-footer.tsx:1:31
Export Linkedin doesn't exist in target module
> 1 | ﻿import Link from "next/link";
    |                            ^
> 2 | import { Linkedin, Mail, Phone } from "lucide-react";
    | ^^^^^^^^^^^^^^^^^^^^^^^^^^^^^^^^^^^^^^^^^^^^^^^^^^
  3 | import { siteConfig } from "@/lib/site-content";
  4 |
  5 | export function SiteFooter() {

The export Linkedin was not found in module [project]/node_modules/lucide-react/dist/esm/lucide-react.js [app-rsc] (ecmascript).
Did you mean to import Link?
All exports of the module are statically known (It doesn't have dynamic exports). So it's known statically that the requested export doesn't exist.

Import trace:
  Server Component:
    ./components/site/site-footer.tsx
    ./app/layout.tsx 
    at handleErrors (file://C:/Users/Mohammed Hatim/vector-systems/.next/dev/static/chunks/node_modules_next_dist_client_0pe1dg-._.js:2773:21)
    at processMessage (file://C:/Users/Mohammed Hatim/vector-systems/.next/dev/static/chunks/node_modules_next_dist_client_0pe1dg-._.js:2834:28)
    at <unknown> (file://C:/Users/Mohammed Hatim/vector-systems/.next/dev/static/chunks/node_modules_next_dist_client_0pe1dg-._.js:2679:13)
    at WebSocket.handleMessage (file://C:/Users/Mohammed Hatim/vector-systems/.next/dev/static/chunks/node_modules_next_dist_client_0pe1dg-._.js:2324:17) (file://C:/Users/Mohammed Hatim/vector-systems/.next/dev/static/chunks/node_modules_next_dist_client_0pe1dg-._.js:2773:21)
[browser] ./components/site/site-footer.tsx:1:31
Export Linkedin doesn't exist in target module
> 1 | ﻿import Link from "next/link";
    |                            ^
> 2 | import { Linkedin, Mail, Phone } from "lucide-react";
    | ^^^^^^^^^^^^^^^^^^^^^^^^^^^^^^^^^^^^^^^^^^^^^^^^^^
  3 | import { siteConfig } from "@/lib/site-content";
  4 |
  5 | export function SiteFooter() {

The export Linkedin was not found in module [project]/node_modules/lucide-react/dist/esm/lucide-react.js [app-rsc] (ecmascript).
Did you mean to import Link?
All exports of the module are statically known (It doesn't have dynamic exports). So it's known statically that the requested export doesn't exist.

Import trace:
  Server Component:
    ./components/site/site-footer.tsx
    ./app/layout.tsx 
    at handleErrors (file://C:/Users/Mohammed Hatim/vector-systems/.next/dev/static/chunks/node_modules_next_dist_client_0pe1dg-._.js:2773:21)
    at processMessage (file://C:/Users/Mohammed Hatim/vector-systems/.next/dev/static/chunks/node_modules_next_dist_client_0pe1dg-._.js:2834:28)
    at <unknown> (file://C:/Users/Mohammed Hatim/vector-systems/.next/dev/static/chunks/node_modules_next_dist_client_0pe1dg-._.js:2679:13)
    at WebSocket.handleMessage (file://C:/Users/Mohammed Hatim/vector-systems/.next/dev/static/chunks/node_modules_next_dist_client_0pe1dg-._.js:2324:17) (file://C:/Users/Mohammed Hatim/vector-systems/.next/dev/static/chunks/node_modules_next_dist_client_0pe1dg-._.js:2773:21)
[browser] ./components/site/site-footer.tsx:1:31
Export Linkedin doesn't exist in target module
> 1 | ﻿import Link from "next/link";
    |                            ^
> 2 | import { Linkedin, Mail, Phone } from "lucide-react";
    | ^^^^^^^^^^^^^^^^^^^^^^^^^^^^^^^^^^^^^^^^^^^^^^^^^^
  3 | import { siteConfig } from "@/lib/site-content";
  4 |
  5 | export function SiteFooter() {

The export Linkedin was not found in module [project]/node_modules/lucide-react/dist/esm/lucide-react.js [app-rsc] (ecmascript).
Did you mean to import Link?
All exports of the module are statically known (It doesn't have dynamic exports). So it's known statically that the requested export doesn't exist.

Import trace:
  Server Component:
    ./components/site/site-footer.tsx
    ./app/layout.tsx 
    at handleErrors (file://C:/Users/Mohammed Hatim/vector-systems/.next/dev/static/chunks/node_modules_next_dist_client_0pe1dg-._.js:2773:21)
    at processMessage (file://C:/Users/Mohammed Hatim/vector-systems/.next/dev/static/chunks/node_modules_next_dist_client_0pe1dg-._.js:2834:28)
    at <unknown> (file://C:/Users/Mohammed Hatim/vector-systems/.next/dev/static/chunks/node_modules_next_dist_client_0pe1dg-._.js:2679:13)
    at WebSocket.handleMessage (file://C:/Users/Mohammed Hatim/vector-systems/.next/dev/static/chunks/node_modules_next_dist_client_0pe1dg-._.js:2324:17) (file://C:/Users/Mohammed Hatim/vector-systems/.next/dev/static/chunks/node_modules_next_dist_client_0pe1dg-._.js:2773:21)
✓ Compiled in 961ms
 GET / 200 in 1064ms (next.js: 262ms, application-code: 802ms)
 GET /about 200 in 728ms (next.js: 585ms, application-code: 144ms)
[browser] Detected `scroll-behavior: smooth` on the `<html>` element. To disable smooth scrolling during route transitions, add `data-scroll-behavior="smooth"` to your <html> element. Learn more: https://nextjs.org/docs/messages/missing-data-scroll-behavior (file://C:/Users/Mohammed Hatim/vector-systems/.next/dev/static/chunks/node_modules_next_dist_115brz8._.js:2431:13)
 GET /case-studies 200 in 384ms (next.js: 288ms, application-code: 95ms)
 GET /services 200 in 405ms (next.js: 266ms, application-code: 139ms)
 GET /case-studies 200 in 82ms (next.js: 10ms, application-code: 71ms)
✓ Compiled in 417ms
 GET /case-studies 200 in 762ms (next.js: 163ms, application-code: 599ms)
 GET /case-studies 200 in 518ms (next.js: 9ms, application-code: 509ms)
 GET /case-studies 200 in 428ms (next.js: 253ms, application-code: 175ms)
 GET /case-studies 200 in 435ms (next.js: 14ms, application-code: 421ms)
 GET /case-studies 200 in 438ms (next.js: 169ms, application-code: 269ms)
 GET /case-studies 200 in 101ms (next.js: 13ms, application-code: 88ms)
 GET /case-studies 200 in 925ms (next.js: 10ms, application-code: 915ms)
 GET / 200 in 255ms (next.js: 179ms, application-code: 76ms)
[browser] Detected `scroll-behavior: smooth` on the `<html>` element. To disable smooth scrolling during route transitions, add `data-scroll-behavior="smooth"` to your <html> element. Learn more: https://nextjs.org/docs/messages/missing-data-scroll-behavior (file://C:/Users/Mohammed Hatim/vector-systems/.next/dev/static/chunks/node_modules_next_dist_115brz8._.js:2431:13)
✓ Compiled in 171ms
✓ Compiled in 840ms
 GET / 200 in 1069ms (next.js: 7ms, application-code: 1062ms)
 GET / 200 in 497ms (next.js: 143ms, application-code: 354ms)
 GET / 200 in 208ms (next.js: 7ms, application-code: 200ms)
 GET / 200 in 208ms (next.js: 100ms, application-code: 108ms)
 GET /case-studies 200 in 341ms (next.js: 211ms, application-code: 131ms)
✓ Compiled in 111ms
✓ Compiled in 177ms
 GET /case-studies 200 in 433ms (next.js: 100ms, application-code: 333ms)
 GET /case-studies 200 in 256ms (next.js: 6ms, application-code: 249ms)
 GET /case-studies 200 in 174ms (next.js: 7ms, application-code: 167ms)
 GET /case-studies 200 in 174ms (next.js: 77ms, application-code: 97ms)
✓ Compiled in 103ms
 GET /case-studies 200 in 788ms (next.js: 239ms, application-code: 549ms)
 GET /case-studies 200 in 294ms (next.js: 6ms, application-code: 288ms)
 GET /case-studies 200 in 1132ms (next.js: 272ms, application-code: 860ms)
 GET /case-studies 200 in 556ms (next.js: 181ms, application-code: 375ms)
 GET /case-studies 200 in 252ms (next.js: 101ms, application-code: 151ms)
 GET /case-studies 200 in 256ms (next.js: 20ms, application-code: 235ms)
✓ Compiled in 53ms
 GET /case-studies 200 in 190ms (next.js: 91ms, application-code: 99ms)
 GET /case-studies 200 in 35ms (next.js: 4ms, application-code: 31ms)
 GET /services 200 in 537ms (next.js: 225ms, application-code: 312ms)
 GET / 200 in 200ms (next.js: 88ms, application-code: 112ms)
 GET /about 200 in 314ms (next.js: 227ms, application-code: 87ms)
 GET /case-studies 200 in 73ms (next.js: 8ms, application-code: 65ms)
 GET /services 200 in 163ms (next.js: 10ms, application-code: 153ms)
✓ Compiled in 154ms
 GET /services 200 in 411ms (next.js: 155ms, application-code: 256ms)
 GET /services 200 in 110ms (next.js: 6ms, application-code: 105ms)
 GET /case-studies 200 in 260ms (next.js: 179ms, application-code: 81ms)
 GET /about 200 in 312ms (next.js: 68ms, application-code: 244ms)
 GET / 200 in 165ms (next.js: 61ms, application-code: 104ms)
✓ Compiled in 607ms
 GET / 200 in 403ms (next.js: 160ms, application-code: 243ms)
 GET / 200 in 1167ms (next.js: 665ms, application-code: 501ms)
 GET / 200 in 158ms (next.js: 7ms, application-code: 151ms)
 GET / 200 in 159ms (next.js: 83ms, application-code: 75ms)
 GET / 200 in 729ms (next.js: 13ms, application-code: 716ms)
✓ Compiled in 139ms
 GET / 200 in 742ms (next.js: 93ms, application-code: 650ms)
 GET / 200 in 536ms (next.js: 11ms, application-code: 525ms)
 GET / 200 in 439ms (next.js: 10ms, application-code: 430ms)
 GET / 200 in 440ms (next.js: 111ms, application-code: 329ms)
 GET / 200 in 441ms (next.js: 275ms, application-code: 166ms)
 GET / 200 in 446ms (next.js: 206ms, application-code: 240ms)
✓ Compiled in 108ms
 GET / 200 in 878ms (next.js: 230ms, application-code: 648ms)
 GET / 200 in 434ms (next.js: 45ms, application-code: 389ms)
✓ Compiled in 341ms
✓ Compiled in 63ms
 GET / 200 in 245ms (next.js: 135ms, application-code: 110ms)
 GET / 200 in 22ms (next.js: 5ms, application-code: 17ms)
 GET / 200 in 56ms (next.js: 3ms, application-code: 53ms)
 GET /services 200 in 233ms (next.js: 157ms, application-code: 76ms)
[browser] Detected `scroll-behavior: smooth` on the `<html>` element. To disable smooth scrolling during route transitions, add `data-scroll-behavior="smooth"` to your <html> element. Learn more: https://nextjs.org/docs/messages/missing-data-scroll-behavior (file://C:/Users/Mohammed Hatim/vector-systems/.next/dev/static/chunks/node_modules_next_dist_115brz8._.js:2431:13)
 GET /case-studies 200 in 206ms (next.js: 156ms, application-code: 50ms)
 GET /about 200 in 248ms (next.js: 177ms, application-code: 70ms)
✓ Compiled in 115ms
 GET /about 200 in 533ms (next.js: 176ms, application-code: 356ms)
 GET /about 200 in 194ms (next.js: 120ms, application-code: 75ms)
 GET /services 200 in 204ms (next.js: 86ms, application-code: 119ms)
 GET /case-studies 200 in 113ms (next.js: 56ms, application-code: 57ms)
 GET /services 200 in 99ms (next.js: 6ms, application-code: 92ms)
 GET / 200 in 150ms (next.js: 56ms, application-code: 94ms)
 POST /api/consultation 500 in 342ms (next.js: 255ms, application-code: 87ms)
✓ Compiled in 169ms
✓ Compiled in 119ms
✓ Compiled in 284ms
✓ Compiled in 104ms
 GET / 200 in 3.4s (next.js: 721ms, application-code: 2.6s)
 GET /services 200 in 494ms (next.js: 262ms, application-code: 232ms)
[browser] Detected `scroll-behavior: smooth` on the `<html>` element. To disable smooth scrolling during route transitions, add `data-scroll-behavior="smooth"` to your <html> element. Learn more: https://nextjs.org/docs/messages/missing-data-scroll-behavior (file://C:/Users/Mohammed Hatim/vector-systems/.next/dev/static/chunks/node_modules_next_dist_115brz8._.js:2431:13)
 GET /case-studies 200 in 381ms (next.js: 268ms, application-code: 113ms)
 GET /about 200 in 404ms (next.js: 311ms, application-code: 93ms)
 GET / 200 in 71ms (next.js: 7ms, application-code: 65ms)
 GET /services 200 in 71ms (next.js: 5ms, application-code: 66ms)
✓ Compiled in 69ms
 GET /services 200 in 348ms (next.js: 142ms, application-code: 207ms)
 GET /services 200 in 73ms (next.js: 4ms, application-code: 69ms)
 GET /case-studies 200 in 84ms (next.js: 41ms, application-code: 43ms)
 GET /about 200 in 57ms (next.js: 27ms, application-code: 30ms)
 GET / 200 in 127ms (next.js: 44ms, application-code: 84ms)
 GET /services 200 in 89ms (next.js: 10ms, application-code: 78ms)
✓ Compiled in 1178ms
 GET /services 200 in 764ms (next.js: 543ms, application-code: 221ms)
 GET /services 200 in 776ms (next.js: 624ms, application-code: 152ms)
 GET /services 200 in 2.4s (next.js: 1222ms, application-code: 1135ms)
 GET /services 200 in 925ms (next.js: 10ms, application-code: 915ms)
 GET /services 200 in 1408ms (next.js: 11ms, application-code: 1397ms)
 GET /services 200 in 1067ms (next.js: 133ms, application-code: 934ms)
 GET / 200 in 948ms (next.js: 513ms, application-code: 435ms)
[browser] Detected `scroll-behavior: smooth` on the `<html>` element. To disable smooth scrolling during route transitions, add `data-scroll-behavior="smooth"` to your <html> element. Learn more: https://nextjs.org/docs/messages/missing-data-scroll-behavior (file://C:/Users/Mohammed Hatim/vector-systems/.next/dev/static/chunks/node_modules_next_dist_115brz8._.js:2431:13)
 GET /services 200 in 268ms (next.js: 11ms, application-code: 256ms)
 GET /services 200 in 2.2s (next.js: 1202ms, application-code: 1031ms)
 GET /services 200 in 655ms (next.js: 129ms, application-code: 527ms)
 GET /services 200 in 440ms (next.js: 7ms, application-code: 433ms)
 GET /services 200 in 440ms (next.js: 95ms, application-code: 346ms)
 GET /services 200 in 519ms (next.js: 181ms, application-code: 338ms)
 GET /services 200 in 519ms (next.js: 274ms, application-code: 245ms)
 GET /services 200 in 634ms (next.js: 6ms, application-code: 628ms)
 GET /services 200 in 1408ms (next.js: 11ms, application-code: 1396ms)
 GET /services 200 in 1327ms (next.js: 62ms, application-code: 1264ms)
 GET /services 200 in 1327ms (next.js: 142ms, application-code: 1186ms)
 GET /services 200 in 1331ms (next.js: 6ms, application-code: 1324ms)
 GET /services 200 in 1330ms (next.js: 199ms, application-code: 1131ms)
 GET /services 200 in 996ms (next.js: 34ms, application-code: 961ms)
 GET /services 200 in 162ms (next.js: 13ms, application-code: 149ms)
 GET /services 200 in 77ms (next.js: 5ms, application-code: 72ms)
 GET /case-studies 200 in 840ms (next.js: 617ms, application-code: 222ms)
 GET /about 200 in 400ms (next.js: 229ms, application-code: 171ms)
 GET / 200 in 354ms (next.js: 142ms, application-code: 212ms)
 GET /services 200 in 111ms (next.js: 7ms, application-code: 104ms)
 GET / 200 in 170ms (next.js: 14ms, application-code: 157ms)
 GET /about 200 in 61ms (next.js: 7ms, application-code: 55ms)
 GET /about 200 in 867ms (next.js: 262ms, application-code: 604ms)
 GET /about 200 in 418ms (next.js: 112ms, application-code: 306ms)
 GET /about 200 in 243ms (next.js: 8ms, application-code: 235ms)
 GET /about 200 in 242ms (next.js: 106ms, application-code: 137ms)
 GET /about 200 in 260ms (next.js: 59ms, application-code: 201ms)
 GET /about 200 in 259ms (next.js: 148ms, application-code: 111ms)
 GET / 200 in 900ms (next.js: 569ms, application-code: 331ms)
✓ Compiled in 132ms
 GET / 200 in 457ms (next.js: 23ms, application-code: 433ms)
 GET / 200 in 722ms (next.js: 125ms, application-code: 597ms)
✓ Compiled in 107ms
 GET / 200 in 204ms (next.js: 77ms, application-code: 127ms)
 GET / 200 in 69ms (next.js: 4ms, application-code: 65ms)
 GET /about 200 in 485ms (next.js: 344ms, application-code: 141ms)
[browser] Image with src "/founde.png" has either width or height modified, but not the other. If you use CSS to change the size of your image, also include the styles 'width: "auto"' or 'height: "auto"' to maintain the aspect ratio. (file://C:/Users/Mohammed Hatim/vector-systems/.next/dev/static/chunks/node_modules_next_dist_115brz8._.js:2431:13)
 GET / 200 in 153ms (next.js: 11ms, application-code: 143ms)
 GET /about 200 in 108ms (next.js: 11ms, application-code: 98ms)
✓ Compiled in 225ms
 GET /about 200 in 451ms (next.js: 175ms, application-code: 276ms)
 GET /about 200 in 157ms (next.js: 8ms, application-code: 149ms)
 GET / 200 in 145ms (next.js: 99ms, application-code: 47ms)
✓ Compiled in 113ms
 GET / 200 in 484ms (next.js: 140ms, application-code: 344ms)
 GET / 200 in 209ms (next.js: 7ms, application-code: 202ms)
 GET /about 200 in 385ms (next.js: 275ms, application-code: 109ms)
✓ Compiled in 980ms
 GET /about 200 in 2.0s (next.js: 313ms, application-code: 1704ms)
 GET /about 200 in 341ms (next.js: 98ms, application-code: 243ms)
 GET /about 200 in 601ms (next.js: 6ms, application-code: 596ms)
 GET /about 200 in 603ms (next.js: 40ms, application-code: 563ms)
 GET /about 200 in 602ms (next.js: 74ms, application-code: 528ms)
 GET /about 200 in 601ms (next.js: 109ms, application-code: 493ms)
 GET /about 200 in 66ms (next.js: 12ms, application-code: 55ms)
 GET /about 200 in 458ms (next.js: 4ms, application-code: 455ms)
 GET / 200 in 442ms (next.js: 307ms, application-code: 135ms)
[browser] Detected `scroll-behavior: smooth` on the `<html>` element. To disable smooth scrolling during route transitions, add `data-scroll-behavior="smooth"` to your <html> element. Learn more: https://nextjs.org/docs/messages/missing-data-scroll-behavior (file://C:/Users/Mohammed Hatim/vector-systems/.next/dev/static/chunks/node_modules_next_dist_115brz8._.js:2431:13)
 GET /services 200 in 280ms (next.js: 199ms, application-code: 81ms)
 GET /services 200 in 969ms (next.js: 76ms, application-code: 893ms)
 GET /services 200 in 796ms (next.js: 78ms, application-code: 717ms)
 GET /services 200 in 2.4s (next.js: 1087ms, application-code: 1298ms)
 GET /services 200 in 222ms (next.js: 15ms, application-code: 207ms)
 GET /services 200 in 882ms (next.js: 7ms, application-code: 875ms)
✓ Compiled in 218ms
 GET /services 200 in 483ms (next.js: 180ms, application-code: 303ms)
 GET /services 200 in 148ms (next.js: 18ms, application-code: 130ms)
 GET / 200 in 216ms (next.js: 112ms, application-code: 104ms)
[browser] Detected `scroll-behavior: smooth` on the `<html>` element. To disable smooth scrolling during route transitions, add `data-scroll-behavior="smooth"` to your <html> element. Learn more: https://nextjs.org/docs/messages/missing-data-scroll-behavior (file://C:/Users/Mohammed Hatim/vector-systems/.next/dev/static/chunks/node_modules_next_dist_115brz8._.js:2431:13)
 GET /services 200 in 375ms (next.js: 72ms, application-code: 303ms)
 GET /case-studies 200 in 737ms (next.js: 643ms, application-code: 94ms)
 GET /about 200 in 230ms (next.js: 146ms, application-code: 84ms)
 GET /services 200 in 78ms (next.js: 8ms, application-code: 70ms)
 GET /case-studies 200 in 62ms (next.js: 7ms, application-code: 55ms)
 GET /services 200 in 265ms (next.js: 4ms, application-code: 260ms)
 GET / 200 in 108ms (next.js: 9ms, application-code: 99ms)
 GET /services 200 in 96ms (next.js: 5ms, application-code: 91ms)
✓ Compiled in 416ms
 GET / 200 in 1714ms (next.js: 249ms, application-code: 1464ms)
 GET /about 200 in 417ms (next.js: 139ms, application-code: 278ms)
[browser] Detected `scroll-behavior: smooth` on the `<html>` element. To disable smooth scrolling during route transitions, add `data-scroll-behavior="smooth"` to your <html> element. Learn more: https://nextjs.org/docs/messages/missing-data-scroll-behavior (file://C:/Users/Mohammed Hatim/vector-systems/.next/dev/static/chunks/node_modules_next_dist_115brz8._.js:2431:13)
✓ Compiled in 403ms
 GET /about 200 in 869ms (next.js: 440ms, application-code: 429ms)
 GET /about 200 in 241ms (next.js: 21ms, application-code: 220ms)
✓ Compiled in 215ms
 GET /about 200 in 542ms (next.js: 273ms, application-code: 268ms)
 GET /about 200 in 149ms (next.js: 9ms, application-code: 141ms)
✓ Compiled in 111ms
 GET /about 200 in 361ms (next.js: 137ms, application-code: 224ms)
 GET /about 200 in 129ms (next.js: 8ms, application-code: 121ms)
✓ Compiled in 115ms
 GET /about 200 in 272ms (next.js: 136ms, application-code: 136ms)
 GET /about 200 in 78ms (next.js: 6ms, application-code: 73ms)
 GET /case-studies 200 in 153ms (next.js: 76ms, application-code: 78ms)
 GET /services 200 in 218ms (next.js: 92ms, application-code: 126ms)
 GET / 200 in 161ms (next.js: 74ms, application-code: 87ms)
 GET /about 200 in 68ms (next.js: 17ms, application-code: 51ms)
